# JRE version: Java(TM) SE Runtime Environment (7.0_79-b15) (build 1.7.0_79-b15)
# Java VM: Java HotSpot(TM) 64-Bit Server VM (24.79-b02 mixed mode windows-amd64 compressed oops)
Heap
 PSYoungGen      total 136704K, used 67836K [0x00000007d5880000, 0x00000007de480000, 0x0000000800000000)
  eden space 131072K, 48% used [0x00000007d5880000,0x00000007d9655e28,0x00000007dd880000)
  from space 5632K, 80% used [0x00000007ddf00000,0x00000007de369460,0x00000007de480000)
  to   space 6144K, 0% used [0x00000007dd880000,0x00000007dd880000,0x00000007dde80000)
 ParOldGen       total 86528K, used 5195K [0x0000000780a00000, 0x0000000785e80000, 0x00000007d5880000)
  object space 86528K, 6% used [0x0000000780a00000,0x0000000780f12ed8,0x0000000785e80000)
 PSPermGen       total 24576K, used 24573K [0x000000077b800000, 0x000000077d000000, 0x0000000780a00000)
  object space 24576K, 99% used [0x000000077b800000,0x000000077cfff538,0x000000077d000000)
GC Heap History (10 events):
Event: 9.232 GC heap before
{Heap before GC invocations=4 (full 0):
 PSYoungGen      total 38400K, used 37603K [0x00000007d5880000, 0x00000007d8300000, 0x0000000800000000)
  eden space 33280K, 100% used [0x00000007d5880000,0x00000007d7900000,0x00000007d7900000)
  from space 5120K, 84% used [0x00000007d7900000,0x00000007d7d38f58,0x00000007d7e00000)
  to   space 5120K, 0% used [0x00000007d7e00000,0x00000007d7e00000,0x00000007d8300000)
 ParOldGen       total 86528K, used 24K [0x0000000780a00000, 0x0000000785e80000, 0x00000007d5880000)
  object space 86528K, 0% used [0x0000000780a00000,0x0000000780a06000,0x0000000785e80000)
 PSPermGen       total 21504K, used 16695K [0x000000077b800000, 0x000000077cd00000, 0x0000000780a00000)
  object space 21504K, 77% used [0x000000077b800000,0x000000077c84ded8,0x000000077cd00000)
Event: 9.236 GC heap after
Heap after GC invocations=4 (full 0):
 PSYoungGen      total 38400K, used 4112K [0x00000007d5880000, 0x00000007d8300000, 0x0000000800000000)
  eden space 33280K, 0% used [0x00000007d5880000,0x00000007d5880000,0x00000007d7900000)
  from space 5120K, 80% used [0x00000007d7e00000,0x00000007d82043e0,0x00000007d8300000)
  to   space 5120K, 0% used [0x00000007d7900000,0x00000007d7900000,0x00000007d7e00000)
 ParOldGen       total 86528K, used 32K [0x0000000780a00000, 0x0000000785e80000, 0x00000007d5880000)
  object space 86528K, 0% used [0x0000000780a00000,0x0000000780a08000,0x0000000785e80000)
 PSPermGen       total 21504K, used 16695K [0x000000077b800000, 0x000000077cd00000, 0x0000000780a00000)
  object space 21504K, 77% used [0x000000077b800000,0x000000077c84ded8,0x000000077cd00000)
}
Event: 9.368 GC heap before
{Heap before GC invocations=5 (full 0):
 PSYoungGen      total 38400K, used 37392K [0x00000007d5880000, 0x00000007d8300000, 0x0000000800000000)
  eden space 33280K, 100% used [0x00000007d5880000,0x00000007d7900000,0x00000007d7900000)
  from space 5120K, 80% used [0x00000007d7e00000,0x00000007d82043e0,0x00000007d8300000)
  to   space 5120K, 0% used [0x00000007d7900000,0x00000007d7900000,0x00000007d7e00000)
 ParOldGen       total 86528K, used 32K [0x0000000780a00000, 0x0000000785e80000, 0x00000007d5880000)
  object space 86528K, 0% used [0x0000000780a00000,0x0000000780a08000,0x0000000785e80000)
 PSPermGen       total 21504K, used 18721K [0x000000077b800000, 0x000000077cd00000, 0x0000000780a00000)
  object space 21504K, 87% used [0x000000077b800000,0x000000077ca486c0,0x000000077cd00000)
Event: 9.373 GC heap after
Heap after GC invocations=5 (full 0):
 PSYoungGen      total 38400K, used 5099K [0x00000007d5880000, 0x00000007da480000, 0x0000000800000000)
  eden space 33280K, 0% used [0x00000007d5880000,0x00000007d5880000,0x00000007d7900000)
  from space 5120K, 99% used [0x00000007d7900000,0x00000007d7dfadb0,0x00000007d7e00000)
  to   space 5632K, 0% used [0x00000007d9f00000,0x00000007d9f00000,0x00000007da480000)
 ParOldGen       total 86528K, used 659K [0x0000000780a00000, 0x0000000785e80000, 0x00000007d5880000)
  object space 86528K, 0% used [0x0000000780a00000,0x0000000780aa4c28,0x0000000785e80000)
 PSPermGen       total 21504K, used 18721K [0x000000077b800000, 0x000000077cd00000, 0x0000000780a00000)
  object space 21504K, 87% used [0x000000077b800000,0x000000077ca486c0,0x000000077cd00000)
}
Event: 9.502 GC heap before
{Heap before GC invocations=6 (full 0):
 PSYoungGen      total 38400K, used 38379K [0x00000007d5880000, 0x00000007da480000, 0x0000000800000000)
  eden space 33280K, 100% used [0x00000007d5880000,0x00000007d7900000,0x00000007d7900000)
  from space 5120K, 99% used [0x00000007d7900000,0x00000007d7dfadb0,0x00000007d7e00000)
  to   space 5632K, 0% used [0x00000007d9f00000,0x00000007d9f00000,0x00000007da480000)
 ParOldGen       total 86528K, used 659K [0x0000000780a00000, 0x0000000785e80000, 0x00000007d5880000)
  object space 86528K, 0% used [0x0000000780a00000,0x0000000780aa4c28,0x0000000785e80000)
 PSPermGen       total 21504K, used 20056K [0x000000077b800000, 0x000000077cd00000, 0x0000000780a00000)
  object space 21504K, 93% used [0x000000077b800000,0x000000077cb962b8,0x000000077cd00000)
Event: 9.509 GC heap after
Heap after GC invocations=6 (full 0):
 PSYoungGen      total 71168K, used 5604K [0x00000007d5880000, 0x00000007da680000, 0x0000000800000000)
  eden space 65536K, 0% used [0x00000007d5880000,0x00000007d5880000,0x00000007d9880000)
  from space 5632K, 99% used [0x00000007d9f00000,0x00000007da4792b8,0x00000007da480000)
  to   space 6656K, 0% used [0x00000007d9880000,0x00000007d9880000,0x00000007d9f00000)
 ParOldGen       total 86528K, used 1156K [0x0000000780a00000, 0x0000000785e80000, 0x00000007d5880000)
  object space 86528K, 1% used [0x0000000780a00000,0x0000000780b21350,0x0000000785e80000)
 PSPermGen       total 21504K, used 20056K [0x000000077b800000, 0x000000077cd00000, 0x0000000780a00000)
  object space 21504K, 93% used [0x000000077b800000,0x000000077cb962b8,0x000000077cd00000)
}
Event: 9.948 GC heap before
{Heap before GC invocations=7 (full 0):
 PSYoungGen      total 71168K, used 71140K [0x00000007d5880000, 0x00000007da680000, 0x0000000800000000)
  eden space 65536K, 100% used [0x00000007d5880000,0x00000007d9880000,0x00000007d9880000)
  from space 5632K, 99% used [0x00000007d9f00000,0x00000007da4792b8,0x00000007da480000)
  to   space 6656K, 0% used [0x00000007d9880000,0x00000007d9880000,0x00000007d9f00000)
 ParOldGen       total 86528K, used 1156K [0x0000000780a00000, 0x0000000785e80000, 0x00000007d5880000)
  object space 86528K, 1% used [0x0000000780a00000,0x0000000780b21350,0x0000000785e80000)
 PSPermGen       total 22016K, used 21952K [0x000000077b800000, 0x000000077cd80000, 0x0000000780a00000)
  object space 22016K, 99% used [0x000000077b800000,0x000000077cd701c8,0x000000077cd80000)
Event: 9.956 GC heap after
Heap after GC invocations=7 (full 0):
 PSYoungGen      total 72192K, used 4378K [0x00000007d5880000, 0x00000007de580000, 0x0000000800000000)
  eden space 65536K, 0% used [0x00000007d5880000,0x00000007d5880000,0x00000007d9880000)
  from space 6656K, 65% used [0x00000007d9880000,0x00000007d9cc6bd0,0x00000007d9f00000)
  to   space 6656K, 0% used [0x00000007ddf00000,0x00000007ddf00000,0x00000007de580000)
 ParOldGen       total 86528K, used 4883K [0x0000000780a00000, 0x0000000785e80000, 0x00000007d5880000)
  object space 86528K, 5% used [0x0000000780a00000,0x0000000780ec4ed8,0x0000000785e80000)
 PSPermGen       total 22016K, used 21952K [0x000000077b800000, 0x000000077cd80000, 0x0000000780a00000)
  object space 22016K, 99% used [0x000000077b800000,0x000000077cd701c8,0x000000077cd80000)
}
Event: 10.275 GC heap before
{Heap before GC invocations=8 (full 0):
 PSYoungGen      total 72192K, used 69914K [0x00000007d5880000, 0x00000007de580000, 0x0000000800000000)
  eden space 65536K, 100% used [0x00000007d5880000,0x00000007d9880000,0x00000007d9880000)
  from space 6656K, 65% used [0x00000007d9880000,0x00000007d9cc6bd0,0x00000007d9f00000)
  to   space 6656K, 0% used [0x00000007ddf00000,0x00000007ddf00000,0x00000007de580000)
 ParOldGen       total 86528K, used 4883K [0x0000000780a00000, 0x0000000785e80000, 0x00000007d5880000)
  object space 86528K, 5% used [0x0000000780a00000,0x0000000780ec4ed8,0x0000000785e80000)
 PSPermGen       total 24064K, used 23922K [0x000000077b800000, 0x000000077cf80000, 0x0000000780a00000)
  object space 24064K, 99% used [0x000000077b800000,0x000000077cf5c910,0x000000077cf80000)
Event: 10.280 GC heap after
Heap after GC invocations=8 (full 0):
 PSYoungGen      total 136704K, used 4517K [0x00000007d5880000, 0x00000007de480000, 0x0000000800000000)
  eden space 131072K, 0% used [0x00000007d5880000,0x00000007d5880000,0x00000007dd880000)
  from space 5632K, 80% used [0x00000007ddf00000,0x00000007de369460,0x00000007de480000)
  to   space 6144K, 0% used [0x00000007dd880000,0x00000007dd880000,0x00000007dde80000)
 ParOldGen       total 86528K, used 5195K [0x0000000780a00000, 0x0000000785e80000, 0x00000007d5880000)
  object space 86528K, 6% used [0x0000000780a00000,0x0000000780f12ed8,0x0000000785e80000)
 PSPermGen       total 24064K, used 23922K [0x000000077b800000, 0x000000077cf80000, 0x0000000780a00000)
  object space 24064K, 99% used [0x000000077b800000,0x000000077cf5c910,0x000000077cf80000)
}

