# JRE version: Java(TM) SE Runtime Environment (7.0_79-b15) (build 1.7.0_79-b15)
# Java VM: Java HotSpot(TM) 64-Bit Server VM (24.79-b02 mixed mode windows-amd64 compressed oops)
Heap
 PSYoungGen      total 137216K, used 65029K [0x00000007d5880000, 0x00000007de480000, 0x0000000800000000)
  eden space 131072K, 46% used [0x00000007d5880000,0x00000007d93895d8,0x00000007dd880000)
  from space 6144K, 74% used [0x00000007dde80000,0x00000007de2f8010,0x00000007de480000)
  to   space 6144K, 0% used [0x00000007dd880000,0x00000007dd880000,0x00000007dde80000)
 ParOldGen       total 86528K, used 4963K [0x0000000780a00000, 0x0000000785e80000, 0x00000007d5880000)
  object space 86528K, 5% used [0x0000000780a00000,0x0000000780ed8f88,0x0000000785e80000)
 PSPermGen       total 25088K, used 24592K [0x000000077b800000, 0x000000077d080000, 0x0000000780a00000)
  object space 25088K, 98% used [0x000000077b800000,0x000000077d004040,0x000000077d080000)
GC Heap History (10 events):
Event: 16.012 GC heap before
{Heap before GC invocations=4 (full 0):
 PSYoungGen      total 38400K, used 37667K [0x00000007d5880000, 0x00000007d8300000, 0x0000000800000000)
  eden space 33280K, 100% used [0x00000007d5880000,0x00000007d7900000,0x00000007d7900000)
  from space 5120K, 85% used [0x00000007d7900000,0x00000007d7d48f58,0x00000007d7e00000)
  to   space 5120K, 0% used [0x00000007d7e00000,0x00000007d7e00000,0x00000007d8300000)
 ParOldGen       total 86528K, used 24K [0x0000000780a00000, 0x0000000785e80000, 0x00000007d5880000)
  object space 86528K, 0% used [0x0000000780a00000,0x0000000780a06000,0x0000000785e80000)
 PSPermGen       total 21504K, used 16703K [0x000000077b800000, 0x000000077cd00000, 0x0000000780a00000)
  object space 21504K, 77% used [0x000000077b800000,0x000000077c84fd08,0x000000077cd00000)
Event: 16.016 GC heap after
Heap after GC invocations=4 (full 0):
 PSYoungGen      total 38400K, used 4064K [0x00000007d5880000, 0x00000007d8300000, 0x0000000800000000)
  eden space 33280K, 0% used [0x00000007d5880000,0x00000007d5880000,0x00000007d7900000)
  from space 5120K, 79% used [0x00000007d7e00000,0x00000007d81f83f0,0x00000007d8300000)
  to   space 5120K, 0% used [0x00000007d7900000,0x00000007d7900000,0x00000007d7e00000)
 ParOldGen       total 86528K, used 32K [0x0000000780a00000, 0x0000000785e80000, 0x00000007d5880000)
  object space 86528K, 0% used [0x0000000780a00000,0x0000000780a08000,0x0000000785e80000)
 PSPermGen       total 21504K, used 16703K [0x000000077b800000, 0x000000077cd00000, 0x0000000780a00000)
  object space 21504K, 77% used [0x000000077b800000,0x000000077c84fd08,0x000000077cd00000)
}
Event: 16.151 GC heap before
{Heap before GC invocations=5 (full 0):
 PSYoungGen      total 38400K, used 37344K [0x00000007d5880000, 0x00000007d8300000, 0x0000000800000000)
  eden space 33280K, 100% used [0x00000007d5880000,0x00000007d7900000,0x00000007d7900000)
  from space 5120K, 79% used [0x00000007d7e00000,0x00000007d81f83f0,0x00000007d8300000)
  to   space 5120K, 0% used [0x00000007d7900000,0x00000007d7900000,0x00000007d7e00000)
 ParOldGen       total 86528K, used 32K [0x0000000780a00000, 0x0000000785e80000, 0x00000007d5880000)
  object space 86528K, 0% used [0x0000000780a00000,0x0000000780a08000,0x0000000785e80000)
 PSPermGen       total 21504K, used 18729K [0x000000077b800000, 0x000000077cd00000, 0x0000000780a00000)
  object space 21504K, 87% used [0x000000077b800000,0x000000077ca4a7a8,0x000000077cd00000)
Event: 16.156 GC heap after
Heap after GC invocations=5 (full 0):
 PSYoungGen      total 38400K, used 5103K [0x00000007d5880000, 0x00000007da480000, 0x0000000800000000)
  eden space 33280K, 0% used [0x00000007d5880000,0x00000007d5880000,0x00000007d7900000)
  from space 5120K, 99% used [0x00000007d7900000,0x00000007d7dfbff0,0x00000007d7e00000)
  to   space 5632K, 0% used [0x00000007d9f00000,0x00000007d9f00000,0x00000007da480000)
 ParOldGen       total 86528K, used 546K [0x0000000780a00000, 0x0000000785e80000, 0x00000007d5880000)
  object space 86528K, 0% used [0x0000000780a00000,0x0000000780a88908,0x0000000785e80000)
 PSPermGen       total 21504K, used 18729K [0x000000077b800000, 0x000000077cd00000, 0x0000000780a00000)
  object space 21504K, 87% used [0x000000077b800000,0x000000077ca4a7a8,0x000000077cd00000)
}
Event: 16.289 GC heap before
{Heap before GC invocations=6 (full 0):
 PSYoungGen      total 38400K, used 38383K [0x00000007d5880000, 0x00000007da480000, 0x0000000800000000)
  eden space 33280K, 100% used [0x00000007d5880000,0x00000007d7900000,0x00000007d7900000)
  from space 5120K, 99% used [0x00000007d7900000,0x00000007d7dfbff0,0x00000007d7e00000)
  to   space 5632K, 0% used [0x00000007d9f00000,0x00000007d9f00000,0x00000007da480000)
 ParOldGen       total 86528K, used 546K [0x0000000780a00000, 0x0000000785e80000, 0x00000007d5880000)
  object space 86528K, 0% used [0x0000000780a00000,0x0000000780a88908,0x0000000785e80000)
 PSPermGen       total 21504K, used 20033K [0x000000077b800000, 0x000000077cd00000, 0x0000000780a00000)
  object space 21504K, 93% used [0x000000077b800000,0x000000077cb904a0,0x000000077cd00000)
Event: 16.295 GC heap after
Heap after GC invocations=6 (full 0):
 PSYoungGen      total 71168K, used 5600K [0x00000007d5880000, 0x00000007da680000, 0x0000000800000000)
  eden space 65536K, 0% used [0x00000007d5880000,0x00000007d5880000,0x00000007d9880000)
  from space 5632K, 99% used [0x00000007d9f00000,0x00000007da4783f0,0x00000007da480000)
  to   space 6656K, 0% used [0x00000007d9880000,0x00000007d9880000,0x00000007d9f00000)
 ParOldGen       total 86528K, used 1000K [0x0000000780a00000, 0x0000000785e80000, 0x00000007d5880000)
  object space 86528K, 1% used [0x0000000780a00000,0x0000000780afa0e8,0x0000000785e80000)
 PSPermGen       total 21504K, used 20033K [0x000000077b800000, 0x000000077cd00000, 0x0000000780a00000)
  object space 21504K, 93% used [0x000000077b800000,0x000000077cb904a0,0x000000077cd00000)
}
Event: 16.723 GC heap before
{Heap before GC invocations=7 (full 0):
 PSYoungGen      total 71168K, used 71136K [0x00000007d5880000, 0x00000007da680000, 0x0000000800000000)
  eden space 65536K, 100% used [0x00000007d5880000,0x00000007d9880000,0x00000007d9880000)
  from space 5632K, 99% used [0x00000007d9f00000,0x00000007da4783f0,0x00000007da480000)
  to   space 6656K, 0% used [0x00000007d9880000,0x00000007d9880000,0x00000007d9f00000)
 ParOldGen       total 86528K, used 1000K [0x0000000780a00000, 0x0000000785e80000, 0x00000007d5880000)
  object space 86528K, 1% used [0x0000000780a00000,0x0000000780afa0e8,0x0000000785e80000)
 PSPermGen       total 22016K, used 21959K [0x000000077b800000, 0x000000077cd80000, 0x0000000780a00000)
  object space 22016K, 99% used [0x000000077b800000,0x000000077cd71e20,0x000000077cd80000)
Event: 16.730 GC heap after
Heap after GC invocations=7 (full 0):
 PSYoungGen      total 72192K, used 4387K [0x00000007d5880000, 0x00000007de480000, 0x0000000800000000)
  eden space 65536K, 0% used [0x00000007d5880000,0x00000007d5880000,0x00000007d9880000)
  from space 6656K, 65% used [0x00000007d9880000,0x00000007d9cc8dc8,0x00000007d9f00000)
  to   space 6144K, 0% used [0x00000007dde80000,0x00000007dde80000,0x00000007de480000)
 ParOldGen       total 86528K, used 4611K [0x0000000780a00000, 0x0000000785e80000, 0x00000007d5880000)
  object space 86528K, 5% used [0x0000000780a00000,0x0000000780e80f88,0x0000000785e80000)
 PSPermGen       total 22016K, used 21959K [0x000000077b800000, 0x000000077cd80000, 0x0000000780a00000)
  object space 22016K, 99% used [0x000000077b800000,0x000000077cd71e20,0x000000077cd80000)
}
Event: 17.055 GC heap before
{Heap before GC invocations=8 (full 0):
 PSYoungGen      total 72192K, used 69923K [0x00000007d5880000, 0x00000007de480000, 0x0000000800000000)
  eden space 65536K, 100% used [0x00000007d5880000,0x00000007d9880000,0x00000007d9880000)
  from space 6656K, 65% used [0x00000007d9880000,0x00000007d9cc8dc8,0x00000007d9f00000)
  to   space 6144K, 0% used [0x00000007dde80000,0x00000007dde80000,0x00000007de480000)
 ParOldGen       total 86528K, used 4611K [0x0000000780a00000, 0x0000000785e80000, 0x00000007d5880000)
  object space 86528K, 5% used [0x0000000780a00000,0x0000000780e80f88,0x0000000785e80000)
 PSPermGen       total 24064K, used 23926K [0x000000077b800000, 0x000000077cf80000, 0x0000000780a00000)
  object space 24064K, 99% used [0x000000077b800000,0x000000077cf5d840,0x000000077cf80000)
Event: 17.059 GC heap after
Heap after GC invocations=8 (full 0):
 PSYoungGen      total 137216K, used 4576K [0x00000007d5880000, 0x00000007de480000, 0x0000000800000000)
  eden space 131072K, 0% used [0x00000007d5880000,0x00000007d5880000,0x00000007dd880000)
  from space 6144K, 74% used [0x00000007dde80000,0x00000007de2f8010,0x00000007de480000)
  to   space 6144K, 0% used [0x00000007dd880000,0x00000007dd880000,0x00000007dde80000)
 ParOldGen       total 86528K, used 4963K [0x0000000780a00000, 0x0000000785e80000, 0x00000007d5880000)
  object space 86528K, 5% used [0x0000000780a00000,0x0000000780ed8f88,0x0000000785e80000)
 PSPermGen       total 24064K, used 23926K [0x000000077b800000, 0x000000077cf80000, 0x0000000780a00000)
  object space 24064K, 99% used [0x000000077b800000,0x000000077cf5d840,0x000000077cf80000)
}

